2018-10-21 08:53:44,191 WARN  [SoapUI] Missing folder [C:\Users\Salauddin_Mohammed\Documents\Support\soapui-test-master\SoapAPiTest\ext] for external libraries
2018-10-21 08:53:44,591 INFO  [DefaultSoapUICore] initialized soapui-settings from [C:\Users\Salauddin_Mohammed\soapui-settings.xml]
2018-10-21 08:53:45,924 INFO  [PluginManager] 0 plugins loaded in 4 ms
2018-10-21 08:53:45,924 INFO  [DefaultSoapUICore] All plugins loaded
2018-10-21 08:53:46,485 INFO  [SchemaUtils] Added default schema from file:/C:/Users/Salauddin_Mohammed/Documents/Support/jars/soapui-5.4.0.jar!/com/eviware/soapui/resources/xsds/xop.xsd with targetNamespace http://www.w3.org/2004/08/xop/include
2018-10-21 08:53:46,521 INFO  [SchemaUtils] Added default schema from file:/C:/Users/Salauddin_Mohammed/Documents/Support/jars/soapui-5.4.0.jar!/com/eviware/soapui/resources/xsds/XMLSchema.xsd with targetNamespace http://www.w3.org/2001/XMLSchema
2018-10-21 08:53:46,525 INFO  [SchemaUtils] Added default schema from file:/C:/Users/Salauddin_Mohammed/Documents/Support/jars/soapui-5.4.0.jar!/com/eviware/soapui/resources/xsds/xml.xsd with targetNamespace http://www.w3.org/XML/1998/namespace
2018-10-21 08:53:46,525 INFO  [SchemaUtils] Added default schema from file:/C:/Users/Salauddin_Mohammed/Documents/Support/jars/soapui-5.4.0.jar!/com/eviware/soapui/resources/xsds/swaref.xsd with targetNamespace http://ws-i.org/profiles/basic/1.1/xsd
2018-10-21 08:53:46,533 INFO  [SchemaUtils] Added default schema from file:/C:/Users/Salauddin_Mohammed/Documents/Support/jars/soapui-5.4.0.jar!/com/eviware/soapui/resources/xsds/xmime200505.xsd with targetNamespace http://www.w3.org/2005/05/xmlmime
2018-10-21 08:53:46,533 INFO  [SchemaUtils] Added default schema from file:/C:/Users/Salauddin_Mohammed/Documents/Support/jars/soapui-5.4.0.jar!/com/eviware/soapui/resources/xsds/xmime200411.xsd with targetNamespace http://www.w3.org/2004/11/xmlmime
2018-10-21 08:53:46,537 INFO  [SchemaUtils] Added default schema from file:/C:/Users/Salauddin_Mohammed/Documents/Support/jars/soapui-5.4.0.jar!/com/eviware/soapui/resources/xsds/soapEnvelope.xsd with targetNamespace http://schemas.xmlsoap.org/soap/envelope/
2018-10-21 08:53:46,541 INFO  [SchemaUtils] Added default schema from file:/C:/Users/Salauddin_Mohammed/Documents/Support/jars/soapui-5.4.0.jar!/com/eviware/soapui/resources/xsds/soapEncoding.xsd with targetNamespace http://schemas.xmlsoap.org/soap/encoding/
2018-10-21 08:53:46,565 INFO  [SchemaUtils] Added default schema from file:/C:/Users/Salauddin_Mohammed/Documents/Support/jars/soapui-5.4.0.jar!/com/eviware/soapui/resources/xsds/soapEnvelope12.xsd with targetNamespace http://www.w3.org/2003/05/soap-envelope
2018-10-21 08:53:46,569 INFO  [SchemaUtils] Added default schema from file:/C:/Users/Salauddin_Mohammed/Documents/Support/jars/soapui-5.4.0.jar!/com/eviware/soapui/resources/xsds/soapEncoding12.xsd with targetNamespace http://www.w3.org/2003/05/soap-encoding
2018-10-21 08:53:46,969 INFO  [SchemaUtils] Loading schema types from [file:/C:/Users/Salauddin_Mohammed/testing/SI_BusinessPartner_OUTService.wsdl]
2018-10-21 08:53:46,969 INFO  [SchemaUtils] Getting schema file:/C:/Users/Salauddin_Mohammed/testing/SI_BusinessPartner_OUTService.wsdl
2018-10-21 08:53:47,297 INFO  [WsdlImporter] Finding importer for {http://ce.corp.com/xi/eServices/BusinessPartner}SI_BusinessPartner_OUTBinding
2018-10-21 08:53:47,301 INFO  [WsdlImporter] Importing binding {http://ce.corp.com/xi/eServices/BusinessPartner}SI_BusinessPartner_OUTBinding
2018-10-21 08:53:47,333 INFO  [Soap11HttpBindingImporter] importing endpoint https://x3dpas.ce.corp.com:50101/XISOAPAdapter/MessageServlet?senderParty=&senderService=CUSTPORTALD&receiverParty=&receiverService=&interface=SI_BusinessPartner_OUT&interfaceNamespace=http://ce.corp.com/xi/eServices/BusinessPartner
2018-10-21 08:53:47,341 INFO  [Soap11HttpBindingImporter] importing endpoint http://x3dpas.ce.corp.com:50100/XISOAPAdapter/MessageServlet?senderParty=&senderService=CUSTPORTALD&receiverParty=&receiverService=&interface=SI_BusinessPartner_OUT&interfaceNamespace=http://ce.corp.com/xi/eServices/BusinessPartner
2018-10-21 08:53:47,381 INFO  [Soap11HttpBindingImporter] importing operation CreateProfileCompletion
2018-10-21 08:53:47,409 INFO  [Soap11HttpBindingImporter] importing operation CreateProfileLookup
2018-10-21 08:53:47,409 INFO  [Soap11HttpBindingImporter] importing operation GetBPNo
2018-10-21 08:53:47,409 INFO  [Soap11HttpBindingImporter] importing operation GetBPProfileDetail
2018-10-21 08:53:47,409 INFO  [Soap11HttpBindingImporter] importing operation GetUserValidity
2018-10-21 08:53:47,409 INFO  [Soap11HttpBindingImporter] importing operation RemindMe
2018-10-21 08:53:47,409 INFO  [Soap11HttpBindingImporter] importing operation UpdateBPBDay
2018-10-21 08:53:47,409 INFO  [Soap11HttpBindingImporter] importing operation UpdateBPMailingOption
2018-10-21 08:53:47,409 INFO  [Soap11HttpBindingImporter] importing operation UpdatePrimaryContact
